[ 11%] Built target gtest
[ 23%] Built target admittance_controller_parameters
[ 41%] Built target gmock
[ 52%] Built target test_node
[ 58%] [32mBuilding CXX object CMakeFiles/test_example_gtest.dir/test/example_test_gtest.cpp.o[0m
[ 70%] Built target test_descriptor_gtest
[ 82%] Built target minimal_publisher
[ 88%] [32mBuilding CXX object CMakeFiles/test_example_gmock.dir/test/example_test_gmock.cpp.o[0m
gmake[2]: *** [CMakeFiles/test_example_gtest.dir/build.make:76: CMakeFiles/test_example_gtest.dir/test/example_test_gtest.cpp.o] Interrupt
gmake[1]: *** [CMakeFiles/Makefile2:263: CMakeFiles/test_example_gtest.dir/all] Interrupt
gmake[2]: *** [CMakeFiles/test_example_gmock.dir/build.make:76: CMakeFiles/test_example_gmock.dir/test/example_test_gmock.cpp.o] Interrupt
gmake[1]: *** [CMakeFiles/Makefile2:317: CMakeFiles/test_example_gmock.dir/all] Interrupt
gmake: *** [Makefile:146: all] Interrupt
