[35m[1mConsolidate compiler generated dependencies of target test_node[0m
[35m[1mConsolidate compiler generated dependencies of target gtest[0m
[35m[1mConsolidate compiler generated dependencies of target gmock[0m
[ 11%] Built target admittance_controller_parameters
[ 23%] Built target gtest
[ 41%] Built target gmock
[ 52%] Built target test_node
[35m[1mConsolidate compiler generated dependencies of target minimal_publisher[0m
[35m[1mConsolidate compiler generated dependencies of target test_descriptor_gtest[0m
[ 64%] Built target minimal_publisher
[ 76%] Built target test_descriptor_gtest
[ 82%] [32mBuilding CXX object CMakeFiles/test_example_gtest.dir/test/example_test_gtest.cpp.o[0m
[ 88%] [32mBuilding CXX object CMakeFiles/test_example_gmock.dir/test/example_test_gmock.cpp.o[0m
gmake[2]: *** [CMakeFiles/test_example_gtest.dir/build.make:76: CMakeFiles/test_example_gtest.dir/test/example_test_gtest.cpp.o] Interrupt
gmake[1]: *** [CMakeFiles/Makefile2:263: CMakeFiles/test_example_gtest.dir/all] Interrupt
gmake[2]: *** [CMakeFiles/test_example_gmock.dir/build.make:76: CMakeFiles/test_example_gmock.dir/test/example_test_gmock.cpp.o] Interrupt
gmake[1]: *** [CMakeFiles/Makefile2:317: CMakeFiles/test_example_gmock.dir/all] Interrupt
gmake: *** [Makefile:146: all] Interrupt
